Started analysis of po1_ERR2036629.fastq.gz
Approx 5% complete for po1_ERR2036629.fastq.gz
Approx 10% complete for po1_ERR2036629.fastq.gz
Approx 15% complete for po1_ERR2036629.fastq.gz
Approx 20% complete for po1_ERR2036629.fastq.gz
Approx 25% complete for po1_ERR2036629.fastq.gz
Approx 30% complete for po1_ERR2036629.fastq.gz
Approx 35% complete for po1_ERR2036629.fastq.gz
Approx 40% complete for po1_ERR2036629.fastq.gz
Approx 45% complete for po1_ERR2036629.fastq.gz
Approx 50% complete for po1_ERR2036629.fastq.gz
Approx 55% complete for po1_ERR2036629.fastq.gz
Approx 60% complete for po1_ERR2036629.fastq.gz
Approx 65% complete for po1_ERR2036629.fastq.gz
Approx 70% complete for po1_ERR2036629.fastq.gz
Approx 75% complete for po1_ERR2036629.fastq.gz
Approx 80% complete for po1_ERR2036629.fastq.gz
Approx 85% complete for po1_ERR2036629.fastq.gz
Approx 90% complete for po1_ERR2036629.fastq.gz
Approx 95% complete for po1_ERR2036629.fastq.gz
Analysis complete for po1_ERR2036629.fastq.gz
Started analysis of po1_ERR2036630.fastq.gz
Approx 5% complete for po1_ERR2036630.fastq.gz
Approx 10% complete for po1_ERR2036630.fastq.gz
Approx 15% complete for po1_ERR2036630.fastq.gz
Approx 20% complete for po1_ERR2036630.fastq.gz
Approx 25% complete for po1_ERR2036630.fastq.gz
Approx 30% complete for po1_ERR2036630.fastq.gz
Approx 35% complete for po1_ERR2036630.fastq.gz
Approx 40% complete for po1_ERR2036630.fastq.gz
Approx 45% complete for po1_ERR2036630.fastq.gz
Approx 50% complete for po1_ERR2036630.fastq.gz
Approx 55% complete for po1_ERR2036630.fastq.gz
Approx 60% complete for po1_ERR2036630.fastq.gz
Approx 65% complete for po1_ERR2036630.fastq.gz
Approx 70% complete for po1_ERR2036630.fastq.gz
Approx 75% complete for po1_ERR2036630.fastq.gz
Approx 80% complete for po1_ERR2036630.fastq.gz
Approx 85% complete for po1_ERR2036630.fastq.gz
Approx 90% complete for po1_ERR2036630.fastq.gz
Approx 95% complete for po1_ERR2036630.fastq.gz
Analysis complete for po1_ERR2036630.fastq.gz
Started analysis of po1_ERR2036631.fastq.gz
Approx 5% complete for po1_ERR2036631.fastq.gz
Approx 10% complete for po1_ERR2036631.fastq.gz
Approx 15% complete for po1_ERR2036631.fastq.gz
Approx 20% complete for po1_ERR2036631.fastq.gz
Approx 25% complete for po1_ERR2036631.fastq.gz
Approx 30% complete for po1_ERR2036631.fastq.gz
Approx 35% complete for po1_ERR2036631.fastq.gz
Approx 40% complete for po1_ERR2036631.fastq.gz
Approx 45% complete for po1_ERR2036631.fastq.gz
Approx 50% complete for po1_ERR2036631.fastq.gz
Approx 55% complete for po1_ERR2036631.fastq.gz
Approx 60% complete for po1_ERR2036631.fastq.gz
Approx 65% complete for po1_ERR2036631.fastq.gz
Approx 70% complete for po1_ERR2036631.fastq.gz
Approx 75% complete for po1_ERR2036631.fastq.gz
Approx 80% complete for po1_ERR2036631.fastq.gz
Approx 85% complete for po1_ERR2036631.fastq.gz
Approx 90% complete for po1_ERR2036631.fastq.gz
Approx 95% complete for po1_ERR2036631.fastq.gz
Analysis complete for po1_ERR2036631.fastq.gz
Started analysis of po1_ERR2036632.fastq.gz
Approx 5% complete for po1_ERR2036632.fastq.gz
Approx 10% complete for po1_ERR2036632.fastq.gz
Approx 15% complete for po1_ERR2036632.fastq.gz
Approx 20% complete for po1_ERR2036632.fastq.gz
Approx 25% complete for po1_ERR2036632.fastq.gz
Approx 30% complete for po1_ERR2036632.fastq.gz
Approx 35% complete for po1_ERR2036632.fastq.gz
Approx 40% complete for po1_ERR2036632.fastq.gz
Approx 45% complete for po1_ERR2036632.fastq.gz
Approx 50% complete for po1_ERR2036632.fastq.gz
Approx 55% complete for po1_ERR2036632.fastq.gz
Approx 60% complete for po1_ERR2036632.fastq.gz
Approx 65% complete for po1_ERR2036632.fastq.gz
Approx 70% complete for po1_ERR2036632.fastq.gz
Approx 75% complete for po1_ERR2036632.fastq.gz
Approx 80% complete for po1_ERR2036632.fastq.gz
Approx 85% complete for po1_ERR2036632.fastq.gz
Approx 90% complete for po1_ERR2036632.fastq.gz
Approx 95% complete for po1_ERR2036632.fastq.gz
Analysis complete for po1_ERR2036632.fastq.gz
Started analysis of po1ERR2036633.fastq.gz
Approx 5% complete for po1ERR2036633.fastq.gz
Approx 10% complete for po1ERR2036633.fastq.gz
Approx 15% complete for po1ERR2036633.fastq.gz
Approx 20% complete for po1ERR2036633.fastq.gz
Approx 25% complete for po1ERR2036633.fastq.gz
Approx 30% complete for po1ERR2036633.fastq.gz
Approx 35% complete for po1ERR2036633.fastq.gz
Approx 40% complete for po1ERR2036633.fastq.gz
Approx 45% complete for po1ERR2036633.fastq.gz
Approx 50% complete for po1ERR2036633.fastq.gz
Approx 55% complete for po1ERR2036633.fastq.gz
Approx 60% complete for po1ERR2036633.fastq.gz
Approx 65% complete for po1ERR2036633.fastq.gz
Approx 70% complete for po1ERR2036633.fastq.gz
Approx 75% complete for po1ERR2036633.fastq.gz
Approx 80% complete for po1ERR2036633.fastq.gz
Approx 85% complete for po1ERR2036633.fastq.gz
Approx 90% complete for po1ERR2036633.fastq.gz
Approx 95% complete for po1ERR2036633.fastq.gz
Analysis complete for po1ERR2036633.fastq.gz
Started analysis of po2_ERR2036629.fastq.gz
Approx 5% complete for po2_ERR2036629.fastq.gz
Approx 10% complete for po2_ERR2036629.fastq.gz
Approx 15% complete for po2_ERR2036629.fastq.gz
Approx 20% complete for po2_ERR2036629.fastq.gz
Approx 25% complete for po2_ERR2036629.fastq.gz
Approx 30% complete for po2_ERR2036629.fastq.gz
Approx 35% complete for po2_ERR2036629.fastq.gz
Approx 40% complete for po2_ERR2036629.fastq.gz
Approx 45% complete for po2_ERR2036629.fastq.gz
Approx 50% complete for po2_ERR2036629.fastq.gz
Approx 55% complete for po2_ERR2036629.fastq.gz
Approx 60% complete for po2_ERR2036629.fastq.gz
Approx 65% complete for po2_ERR2036629.fastq.gz
Approx 70% complete for po2_ERR2036629.fastq.gz
Approx 75% complete for po2_ERR2036629.fastq.gz
Approx 80% complete for po2_ERR2036629.fastq.gz
Approx 85% complete for po2_ERR2036629.fastq.gz
Approx 90% complete for po2_ERR2036629.fastq.gz
Approx 95% complete for po2_ERR2036629.fastq.gz
Analysis complete for po2_ERR2036629.fastq.gz
Started analysis of po2_ERR2036630.fastq.gz
Approx 5% complete for po2_ERR2036630.fastq.gz
Approx 10% complete for po2_ERR2036630.fastq.gz
Approx 15% complete for po2_ERR2036630.fastq.gz
Approx 20% complete for po2_ERR2036630.fastq.gz
Approx 25% complete for po2_ERR2036630.fastq.gz
Approx 30% complete for po2_ERR2036630.fastq.gz
Approx 35% complete for po2_ERR2036630.fastq.gz
Approx 40% complete for po2_ERR2036630.fastq.gz
Approx 45% complete for po2_ERR2036630.fastq.gz
Approx 50% complete for po2_ERR2036630.fastq.gz
Approx 55% complete for po2_ERR2036630.fastq.gz
Approx 60% complete for po2_ERR2036630.fastq.gz
Approx 65% complete for po2_ERR2036630.fastq.gz
Approx 70% complete for po2_ERR2036630.fastq.gz
Approx 75% complete for po2_ERR2036630.fastq.gz
Approx 80% complete for po2_ERR2036630.fastq.gz
Approx 85% complete for po2_ERR2036630.fastq.gz
Approx 90% complete for po2_ERR2036630.fastq.gz
Approx 95% complete for po2_ERR2036630.fastq.gz
Analysis complete for po2_ERR2036630.fastq.gz
Started analysis of po2_ERR2036631.fastq.gz
Approx 5% complete for po2_ERR2036631.fastq.gz
Approx 10% complete for po2_ERR2036631.fastq.gz
Approx 15% complete for po2_ERR2036631.fastq.gz
Approx 20% complete for po2_ERR2036631.fastq.gz
Approx 25% complete for po2_ERR2036631.fastq.gz
Approx 30% complete for po2_ERR2036631.fastq.gz
Approx 35% complete for po2_ERR2036631.fastq.gz
Approx 40% complete for po2_ERR2036631.fastq.gz
Approx 45% complete for po2_ERR2036631.fastq.gz
Approx 50% complete for po2_ERR2036631.fastq.gz
Approx 55% complete for po2_ERR2036631.fastq.gz
Approx 60% complete for po2_ERR2036631.fastq.gz
Approx 65% complete for po2_ERR2036631.fastq.gz
Approx 70% complete for po2_ERR2036631.fastq.gz
Approx 75% complete for po2_ERR2036631.fastq.gz
Approx 80% complete for po2_ERR2036631.fastq.gz
Approx 85% complete for po2_ERR2036631.fastq.gz
Approx 90% complete for po2_ERR2036631.fastq.gz
Approx 95% complete for po2_ERR2036631.fastq.gz
Analysis complete for po2_ERR2036631.fastq.gz
Started analysis of po2_ERR2036632.fastq.gz
Approx 5% complete for po2_ERR2036632.fastq.gz
Approx 10% complete for po2_ERR2036632.fastq.gz
Approx 15% complete for po2_ERR2036632.fastq.gz
Approx 20% complete for po2_ERR2036632.fastq.gz
Approx 25% complete for po2_ERR2036632.fastq.gz
Approx 30% complete for po2_ERR2036632.fastq.gz
Approx 35% complete for po2_ERR2036632.fastq.gz
Approx 40% complete for po2_ERR2036632.fastq.gz
Approx 45% complete for po2_ERR2036632.fastq.gz
Approx 50% complete for po2_ERR2036632.fastq.gz
Approx 55% complete for po2_ERR2036632.fastq.gz
Approx 60% complete for po2_ERR2036632.fastq.gz
Approx 65% complete for po2_ERR2036632.fastq.gz
Approx 70% complete for po2_ERR2036632.fastq.gz
Approx 75% complete for po2_ERR2036632.fastq.gz
Approx 80% complete for po2_ERR2036632.fastq.gz
Approx 85% complete for po2_ERR2036632.fastq.gz
Approx 90% complete for po2_ERR2036632.fastq.gz
Approx 95% complete for po2_ERR2036632.fastq.gz
Analysis complete for po2_ERR2036632.fastq.gz
Started analysis of po2_ERR2036633.fastq.gz
Approx 5% complete for po2_ERR2036633.fastq.gz
Approx 10% complete for po2_ERR2036633.fastq.gz
Approx 15% complete for po2_ERR2036633.fastq.gz
Approx 20% complete for po2_ERR2036633.fastq.gz
Approx 25% complete for po2_ERR2036633.fastq.gz
Approx 30% complete for po2_ERR2036633.fastq.gz
Approx 35% complete for po2_ERR2036633.fastq.gz
Approx 40% complete for po2_ERR2036633.fastq.gz
Approx 45% complete for po2_ERR2036633.fastq.gz
Approx 50% complete for po2_ERR2036633.fastq.gz
Approx 55% complete for po2_ERR2036633.fastq.gz
Approx 60% complete for po2_ERR2036633.fastq.gz
Approx 65% complete for po2_ERR2036633.fastq.gz
Approx 70% complete for po2_ERR2036633.fastq.gz
Approx 75% complete for po2_ERR2036633.fastq.gz
Approx 80% complete for po2_ERR2036633.fastq.gz
Approx 85% complete for po2_ERR2036633.fastq.gz
Approx 90% complete for po2_ERR2036633.fastq.gz
Approx 95% complete for po2_ERR2036633.fastq.gz
Analysis complete for po2_ERR2036633.fastq.gz
Started analysis of uo1_ERR2036629.fastq.gz
Approx 5% complete for uo1_ERR2036629.fastq.gz
Approx 10% complete for uo1_ERR2036629.fastq.gz
Approx 15% complete for uo1_ERR2036629.fastq.gz
Approx 20% complete for uo1_ERR2036629.fastq.gz
Approx 25% complete for uo1_ERR2036629.fastq.gz
Approx 30% complete for uo1_ERR2036629.fastq.gz
Approx 35% complete for uo1_ERR2036629.fastq.gz
Approx 40% complete for uo1_ERR2036629.fastq.gz
Approx 45% complete for uo1_ERR2036629.fastq.gz
Approx 50% complete for uo1_ERR2036629.fastq.gz
Approx 55% complete for uo1_ERR2036629.fastq.gz
Approx 60% complete for uo1_ERR2036629.fastq.gz
Approx 65% complete for uo1_ERR2036629.fastq.gz
Approx 70% complete for uo1_ERR2036629.fastq.gz
Approx 75% complete for uo1_ERR2036629.fastq.gz
Approx 80% complete for uo1_ERR2036629.fastq.gz
Approx 85% complete for uo1_ERR2036629.fastq.gz
Approx 90% complete for uo1_ERR2036629.fastq.gz
Approx 95% complete for uo1_ERR2036629.fastq.gz
Analysis complete for uo1_ERR2036629.fastq.gz
Started analysis of uo1_ERR2036630.fastq.gz
Approx 5% complete for uo1_ERR2036630.fastq.gz
Approx 10% complete for uo1_ERR2036630.fastq.gz
Approx 15% complete for uo1_ERR2036630.fastq.gz
Approx 20% complete for uo1_ERR2036630.fastq.gz
Approx 25% complete for uo1_ERR2036630.fastq.gz
Approx 30% complete for uo1_ERR2036630.fastq.gz
Approx 35% complete for uo1_ERR2036630.fastq.gz
Approx 40% complete for uo1_ERR2036630.fastq.gz
Approx 45% complete for uo1_ERR2036630.fastq.gz
Approx 50% complete for uo1_ERR2036630.fastq.gz
Approx 55% complete for uo1_ERR2036630.fastq.gz
Approx 60% complete for uo1_ERR2036630.fastq.gz
Approx 65% complete for uo1_ERR2036630.fastq.gz
Approx 70% complete for uo1_ERR2036630.fastq.gz
Approx 75% complete for uo1_ERR2036630.fastq.gz
Approx 80% complete for uo1_ERR2036630.fastq.gz
Approx 85% complete for uo1_ERR2036630.fastq.gz
Approx 90% complete for uo1_ERR2036630.fastq.gz
Approx 95% complete for uo1_ERR2036630.fastq.gz
Analysis complete for uo1_ERR2036630.fastq.gz
Started analysis of uo1_ERR2036631.fastq.gz
Approx 5% complete for uo1_ERR2036631.fastq.gz
Approx 10% complete for uo1_ERR2036631.fastq.gz
Approx 15% complete for uo1_ERR2036631.fastq.gz
Approx 20% complete for uo1_ERR2036631.fastq.gz
Approx 25% complete for uo1_ERR2036631.fastq.gz
Approx 30% complete for uo1_ERR2036631.fastq.gz
Approx 35% complete for uo1_ERR2036631.fastq.gz
Approx 40% complete for uo1_ERR2036631.fastq.gz
Approx 45% complete for uo1_ERR2036631.fastq.gz
Approx 50% complete for uo1_ERR2036631.fastq.gz
Approx 55% complete for uo1_ERR2036631.fastq.gz
Approx 60% complete for uo1_ERR2036631.fastq.gz
Approx 65% complete for uo1_ERR2036631.fastq.gz
Approx 70% complete for uo1_ERR2036631.fastq.gz
Approx 75% complete for uo1_ERR2036631.fastq.gz
Approx 80% complete for uo1_ERR2036631.fastq.gz
Approx 85% complete for uo1_ERR2036631.fastq.gz
Approx 90% complete for uo1_ERR2036631.fastq.gz
Approx 95% complete for uo1_ERR2036631.fastq.gz
Analysis complete for uo1_ERR2036631.fastq.gz
Started analysis of uo1_ERR2036632.fastq.gz
Approx 5% complete for uo1_ERR2036632.fastq.gz
Approx 10% complete for uo1_ERR2036632.fastq.gz
Approx 15% complete for uo1_ERR2036632.fastq.gz
Approx 20% complete for uo1_ERR2036632.fastq.gz
Approx 25% complete for uo1_ERR2036632.fastq.gz
Approx 30% complete for uo1_ERR2036632.fastq.gz
Approx 35% complete for uo1_ERR2036632.fastq.gz
Approx 40% complete for uo1_ERR2036632.fastq.gz
Approx 45% complete for uo1_ERR2036632.fastq.gz
Approx 50% complete for uo1_ERR2036632.fastq.gz
Approx 55% complete for uo1_ERR2036632.fastq.gz
Approx 60% complete for uo1_ERR2036632.fastq.gz
Approx 65% complete for uo1_ERR2036632.fastq.gz
Approx 70% complete for uo1_ERR2036632.fastq.gz
Approx 75% complete for uo1_ERR2036632.fastq.gz
Approx 80% complete for uo1_ERR2036632.fastq.gz
Approx 85% complete for uo1_ERR2036632.fastq.gz
Approx 90% complete for uo1_ERR2036632.fastq.gz
Approx 95% complete for uo1_ERR2036632.fastq.gz
Analysis complete for uo1_ERR2036632.fastq.gz
Started analysis of uo1_ERR2036633.fastq.gz
Approx 5% complete for uo1_ERR2036633.fastq.gz
Approx 10% complete for uo1_ERR2036633.fastq.gz
Approx 15% complete for uo1_ERR2036633.fastq.gz
Approx 20% complete for uo1_ERR2036633.fastq.gz
Approx 25% complete for uo1_ERR2036633.fastq.gz
Approx 30% complete for uo1_ERR2036633.fastq.gz
Approx 35% complete for uo1_ERR2036633.fastq.gz
Approx 40% complete for uo1_ERR2036633.fastq.gz
Approx 45% complete for uo1_ERR2036633.fastq.gz
Approx 50% complete for uo1_ERR2036633.fastq.gz
Approx 55% complete for uo1_ERR2036633.fastq.gz
Approx 60% complete for uo1_ERR2036633.fastq.gz
Approx 65% complete for uo1_ERR2036633.fastq.gz
Approx 70% complete for uo1_ERR2036633.fastq.gz
Approx 75% complete for uo1_ERR2036633.fastq.gz
Approx 80% complete for uo1_ERR2036633.fastq.gz
Approx 85% complete for uo1_ERR2036633.fastq.gz
Approx 90% complete for uo1_ERR2036633.fastq.gz
Approx 95% complete for uo1_ERR2036633.fastq.gz
Analysis complete for uo1_ERR2036633.fastq.gz
Started analysis of uo2_ERR2036629.fastq.gz
Approx 10% complete for uo2_ERR2036629.fastq.gz
Approx 25% complete for uo2_ERR2036629.fastq.gz
Approx 35% complete for uo2_ERR2036629.fastq.gz
Approx 45% complete for uo2_ERR2036629.fastq.gz
Approx 60% complete for uo2_ERR2036629.fastq.gz
Approx 70% complete for uo2_ERR2036629.fastq.gz
Approx 85% complete for uo2_ERR2036629.fastq.gz
Approx 95% complete for uo2_ERR2036629.fastq.gz
Analysis complete for uo2_ERR2036629.fastq.gz
Started analysis of uo2_ERR2036630.fastq.gz
Approx 15% complete for uo2_ERR2036630.fastq.gz
Approx 30% complete for uo2_ERR2036630.fastq.gz
Approx 45% complete for uo2_ERR2036630.fastq.gz
Approx 60% complete for uo2_ERR2036630.fastq.gz
Approx 75% complete for uo2_ERR2036630.fastq.gz
Approx 90% complete for uo2_ERR2036630.fastq.gz
Analysis complete for uo2_ERR2036630.fastq.gz
Started analysis of uo2_ERR2036631.fastq.gz
Analysis complete for uo2_ERR2036631.fastq.gz
Started analysis of uo2_ERR2036632.fastq.gz
Analysis complete for uo2_ERR2036632.fastq.gz
Started analysis of uo2_ERR2036633.fastq.gz
Approx 10% complete for uo2_ERR2036633.fastq.gz
Approx 25% complete for uo2_ERR2036633.fastq.gz
Approx 40% complete for uo2_ERR2036633.fastq.gz
Approx 50% complete for uo2_ERR2036633.fastq.gz
Approx 65% complete for uo2_ERR2036633.fastq.gz
Approx 75% complete for uo2_ERR2036633.fastq.gz
Approx 90% complete for uo2_ERR2036633.fastq.gz
Analysis complete for uo2_ERR2036633.fastq.gz
