tig00000003	ENA|OBMB01000001|OBMB01000001.1	99.987	2561111	1768084	793251	2561111	1	1768070
tig00000003	ENA|OBMB01000001|OBMB01000001.1	99.987	2561111	815694	1	815607	1753684	2569357
tig00000003	ENA|OBMB01000001|OBMB01000001.1	99.945	2561111	5479	1159519	1164995	441728	436250
tig00000003	ENA|OBMB01000001|OBMB01000001.1	99.909	2561111	5479	1229454	1234929	371785	366308
tig00000003	ENA|OBMB01000001|OBMB01000001.1	79.928	2561111	4185	1533177	1537325	134712	130550
tig00000003	ENA|OBMB01000001|OBMB01000001.1	79.909	2561111	4186	923791	927952	744150	740002
tig00000003	ENA|OBMB01000001|OBMB01000001.1	83.356	2561111	2938	916812	919735	758027	755104
tig00000003	ENA|OBMB01000001|OBMB01000001.1	83.350	2561111	2937	1548278	1551200	126493	123570
tig00000003	ENA|OBMB01000001|OBMB01000001.1	100.000	2561111	1391	616268	617658	1856170	1857560
tig00000003	ENA|OBMB01000001|OBMB01000001.1	100.000	2561111	1391	102463	103853	2370020	2371410
tig00000003	ENA|OBMB01000001|OBMB01000001.1	99.928	2561111	1392	102463	103854	1136835	1135444
tig00000003	ENA|OBMB01000001|OBMB01000001.1	99.928	2561111	1392	1928564	1929955	1857561	1856170
tig00000003	ENA|OBMB01000001|OBMB01000001.1	99.928	2561111	1391	616268	617658	1136835	1135445
tig00000003	ENA|OBMB01000001|OBMB01000001.1	100.000	2561111	1388	1928568	1929955	2371407	2370020
tig00000003	ENA|OBMB01000001|OBMB01000001.1	100.000	2561111	1291	1510350	1511640	1479444	1480734
tig00000003	ENA|OBMB01000001|OBMB01000001.1	99.923	2561111	1291	2272531	2273820	717172	718462
tig00000003	ENA|OBMB01000001|OBMB01000001.1	77.528	2561111	4085	1543778	1547790	740042	744075
tig00000003	ENA|OBMB01000001|OBMB01000001.1	77.528	2561111	4085	1533217	1537250	750604	754616
tig00000003	ENA|OBMB01000001|OBMB01000001.1	99.917	2561111	1201	1398279	1399479	587290	588490
tig00000003	ENA|OBMB01000001|OBMB01000001.1	99.917	2561111	1201	1380477	1381677	605093	606293
tig00000003	ENA|OBMB01000001|OBMB01000001.1	79.978	2561111	2747	919997	922717	748010	745285
tig00000003	ENA|OBMB01000001|OBMB01000001.1	79.942	2561111	2747	1538460	1541185	129476	126755
tig00000003	ENA|OBMB01000001|OBMB01000001.1	90.535	2561111	1384	1574571	1575952	315448	314067
tig00000003	ENA|OBMB01000001|OBMB01000001.1	90.743	2561111	1372	1107291	1108660	782770	781401
tig00000003	ENA|OBMB01000001|OBMB01000001.1	85.187	2561111	1681	1541351	1543030	167775	166097
tig00000003	ENA|OBMB01000001|OBMB01000001.1	85.056	2561111	1693	959332	961022	749855	748164
tig00000003	ENA|OBMB01000001|OBMB01000001.1	97.451	2561111	824	1515502	1516305	715299	716122
tig00000003	ENA|OBMB01000001|OBMB01000001.1	97.451	2561111	824	1508477	1509300	722324	723127
tig00000003	ENA|OBMB01000001|OBMB01000001.1	99.504	2561111	605	1512670	1513273	714698	715302
tig00000003	ENA|OBMB01000001|OBMB01000001.1	99.504	2561111	605	1507876	1508480	719492	720095
tig00000003	ENA|OBMB01000001|OBMB01000001.1	81.057	2561111	1325	786186	787505	2202984	2204304
tig00000003	ENA|OBMB01000001|OBMB01000001.1	81.057	2561111	1325	449241	450561	2539945	2541264
tig00000003	ENA|OBMB01000001|OBMB01000001.1	82.282	2561111	1236	2549967	2551190	1897273	1896064
tig00000003	ENA|OBMB01000001|OBMB01000001.1	82.296	2561111	1237	142350	143558	1758140	1756917
tig00000003	ENA|OBMB01000001|OBMB01000001.1	82.201	2561111	1236	3228	4450	1897273	1896064
tig00000003	ENA|OBMB01000001|OBMB01000001.1	84.378	2561111	1005	775313	776314	1809795	1808794
tig00000003	ENA|OBMB01000001|OBMB01000001.1	84.378	2561111	1005	55095	56096	2530073	2529072
tig00000003	ENA|OBMB01000001|OBMB01000001.1	88.806	2561111	804	1484450	1485246	688142	688930
tig00000003	ENA|OBMB01000001|OBMB01000001.1	88.806	2561111	804	1481320	1482108	691272	692068
tig00000003	ENA|OBMB01000001|OBMB01000001.1	98.527	2561111	543	1685996	1686537	456769	457311
tig00000003	ENA|OBMB01000001|OBMB01000001.1	98.527	2561111	543	1249968	1250510	892842	893383
tig00000003	ENA|OBMB01000001|OBMB01000001.1	83.699	2561111	957	763423	764375	2506843	2505891
tig00000003	ENA|OBMB01000001|OBMB01000001.1	83.699	2561111	957	752132	753084	2518134	2517182
tig00000003	ENA|OBMB01000001|OBMB01000001.1	86.531	2561111	735	915009	915733	21038	21764
tig00000003	ENA|OBMB01000001|OBMB01000001.1	86.531	2561111	735	814290	815016	121767	122491
tig00000003	ENA|OBMB01000001|OBMB01000001.1	86.259	2561111	735	915009	915733	2568044	2568766
tig00000003	ENA|OBMB01000001|OBMB01000001.1	100.000	2561111	404	810770	811173	19131	19534
tig00000003	ENA|OBMB01000001|OBMB01000001.1	99.752	2561111	404	812384	812786	17517	17920
tig00000003	ENA|OBMB01000001|OBMB01000001.1	99.752	2561111	404	812384	812786	2564530	2564933
tig00000003	ENA|OBMB01000001|OBMB01000001.1	99.752	2561111	404	810770	811173	2566137	2566539
tig00000003	ENA|OBMB01000001|OBMB01000001.1	94.363	2561111	479	2222800	2223278	348663	348188
tig00000003	ENA|OBMB01000001|OBMB01000001.1	94.363	2561111	479	1141403	1141878	1430186	1429708
tig00000003	ENA|OBMB01000001|OBMB01000001.1	80.608	2561111	954	923866	924810	754616	753670
tig00000003	ENA|OBMB01000001|OBMB01000001.1	80.483	2561111	953	1546844	1547790	131570	130625
tig00000003	ENA|OBMB01000001|OBMB01000001.1	80.518	2561111	888	1537500	1538383	130406	129523
tig00000003	ENA|OBMB01000001|OBMB01000001.1	80.471	2561111	891	922764	923650	745208	744322
tig00000003	ENA|OBMB01000001|OBMB01000001.1	76.726	2561111	1289	656319	657589	964136	965384
tig00000003	ENA|OBMB01000001|OBMB01000001.1	76.726	2561111	1289	1757282	1758530	2410076	2411346
tig00000003	ENA|OBMB01000001|OBMB01000001.1	88.978	2561111	499	2274485	2274979	1478520	1479016
tig00000003	ENA|OBMB01000001|OBMB01000001.1	88.978	2561111	499	2271607	2272103	1481399	1481893
tig00000003	ENA|OBMB01000001|OBMB01000001.1	92.308	2561111	390	2222352	2222741	349043	348654
tig00000003	ENA|OBMB01000001|OBMB01000001.1	92.308	2561111	390	1141866	1142255	1429652	1429263
tig00000003	ENA|OBMB01000001|OBMB01000001.1	83.681	2561111	527	1929954	1930480	184497	185021
tig00000003	ENA|OBMB01000001|OBMB01000001.1	83.681	2561111	527	977727	978251	1136834	1137360
tig00000003	ENA|OBMB01000001|OBMB01000001.1	98.473	2561111	262	976116	976377	180969	180709
tig00000003	ENA|OBMB01000001|OBMB01000001.1	98.473	2561111	262	973941	974201	183147	182886
tig00000003	ENA|OBMB01000001|OBMB01000001.1	83.137	2561111	510	2222931	2223437	343426	342924
tig00000003	ENA|OBMB01000001|OBMB01000001.1	83.170	2561111	511	1136136	1136638	1430348	1429842
tig00000003	ENA|OBMB01000001|OBMB01000001.1	98.077	2561111	260	1928567	1928826	716378	716119
tig00000003	ENA|OBMB01000001|OBMB01000001.1	98.077	2561111	260	1509297	1509556	1135706	1135447
tig00000003	ENA|OBMB01000001|OBMB01000001.1	98.069	2561111	259	103592	103850	716119	716377
tig00000003	ENA|OBMB01000001|OBMB01000001.1	98.069	2561111	259	617397	617655	716119	716377
tig00000003	ENA|OBMB01000001|OBMB01000001.1	98.069	2561111	259	1509297	1509555	1857299	1857557
tig00000003	ENA|OBMB01000001|OBMB01000001.1	98.069	2561111	259	1509297	1509555	2371149	2371407
tig00000003	ENA|OBMB01000001|OBMB01000001.1	81.013	2561111	553	942789	943315	144256	144803
tig00000003	ENA|OBMB01000001|OBMB01000001.1	81.013	2561111	553	937495	938042	149550	150076
tig00000003	ENA|OBMB01000001|OBMB01000001.1	75.242	2561111	828	1285239	1286052	129347	128534
tig00000003	ENA|OBMB01000001|OBMB01000001.1	74.353	2561111	928	921775	922687	492857	491945
tig00000003	ENA|OBMB01000001|OBMB01000001.1	89.583	2561111	288	2223659	2223943	348102	347817
tig00000003	ENA|OBMB01000001|OBMB01000001.1	89.583	2561111	288	1141029	1141314	1430854	1430570
tig00000003	ENA|OBMB01000001|OBMB01000001.1	89.057	2561111	265	1624404	1624668	831113	831377
tig00000003	ENA|OBMB01000001|OBMB01000001.1	92.444	2561111	225	1487428	1487652	694184	694408
tig00000003	ENA|OBMB01000001|OBMB01000001.1	92.444	2561111	225	1487362	1487586	694250	694474
tig00000003	ENA|OBMB01000001|OBMB01000001.1	80.495	2561111	364	2018707	2019066	965742	965386
tig00000003	ENA|OBMB01000001|OBMB01000001.1	80.381	2561111	367	1758532	1758891	1225959	1225597
tig00000003	ENA|OBMB01000001|OBMB01000001.1	99.315	2561111	146	535109	535254	2288713	2288858
tig00000003	ENA|OBMB01000001|OBMB01000001.1	99.315	2561111	146	534967	535112	2288855	2289000
tig00000003	ENA|OBMB01000001|OBMB01000001.1	88.517	2561111	209	1928360	1928568	184299	184507
tig00000003	ENA|OBMB01000001|OBMB01000001.1	88.517	2561111	209	977529	977737	1135240	1135448
tig00000003	ENA|OBMB01000001|OBMB01000001.1	91.209	2561111	182	975423	975604	182158	182339
tig00000003	ENA|OBMB01000001|OBMB01000001.1	91.209	2561111	182	975390	975571	182191	182372
tig00000003	ENA|OBMB01000001|OBMB01000001.1	90.964	2561111	166	1435706	1435870	642395	642560
tig00000003	ENA|OBMB01000001|OBMB01000001.1	90.964	2561111	166	1435580	1435745	642521	642685
tig00000003	ENA|OBMB01000001|OBMB01000001.1	84.444	2561111	225	1487395	1487617	182374	182152
tig00000003	ENA|OBMB01000001|OBMB01000001.1	84.444	2561111	225	975384	975606	694439	694217
tig00000003	ENA|OBMB01000001|OBMB01000001.1	90.323	2561111	155	2259719	2259872	1466477	1466630
tig00000003	ENA|OBMB01000001|OBMB01000001.1	90.323	2561111	155	2259564	2259717	1466632	1466785
tig00000003	ENA|OBMB01000001|OBMB01000001.1	100.000	2561111	108	785897	786004	2537563	2537670
tig00000003	ENA|OBMB01000001|OBMB01000001.1	100.000	2561111	108	783804	783911	2539656	2539763
tig00000003	ENA|OBMB01000001|OBMB01000001.1	77.364	2561111	349	664993	665336	970741	971084
tig00000003	ENA|OBMB01000001|OBMB01000001.1	77.364	2561111	349	1763887	1764230	2418750	2419093
tig00000003	ENA|OBMB01000001|OBMB01000001.1	89.610	2561111	154	1487494	1487647	694184	694337
tig00000003	ENA|OBMB01000001|OBMB01000001.1	98.131	2561111	107	2222245	2222351	723578	723472
tig00000003	ENA|OBMB01000001|OBMB01000001.1	98.131	2561111	107	1516650	1516756	1429262	1429156
tig00000003	ENA|OBMB01000001|OBMB01000001.1	72.534	2561111	801	850133	850891	56824	57582
tig00000003	ENA|OBMB01000001|OBMB01000001.1	72.534	2561111	801	850072	850830	56885	57643
tig00000003	ENA|OBMB01000001|OBMB01000001.1	99.020	2561111	102	1518564	1518665	723472	723371
tig00000003	ENA|OBMB01000001|OBMB01000001.1	99.020	2561111	102	1516549	1516650	725487	725386
tig00000003	ENA|OBMB01000001|OBMB01000001.1	73.490	2561111	679	850194	850830	56824	57460
tig00000003	ENA|OBMB01000001|OBMB01000001.1	73.568	2561111	681	850072	850708	56946	57582
tig00000003	ENA|OBMB01000001|OBMB01000001.1	71.842	2561111	863	850255	851074	56824	57643
tig00000003	ENA|OBMB01000001|OBMB01000001.1	71.842	2561111	863	850072	850891	57007	57826
tig00000003	ENA|OBMB01000001|OBMB01000001.1	72.169	2561111	733	850376	851076	56823	57523
tig00000003	ENA|OBMB01000001|OBMB01000001.1	72.207	2561111	734	850071	850771	57128	57828
tig00000003	ENA|OBMB01000001|OBMB01000001.1	92.793	2561111	111	2223468	2223578	348204	348094
tig00000003	ENA|OBMB01000001|OBMB01000001.1	92.793	2561111	111	1141306	1141416	1430489	1430379
tig00000003	ENA|OBMB01000001|OBMB01000001.1	72.844	2561111	545	850558	851076	56823	57340
tig00000003	ENA|OBMB01000001|OBMB01000001.1	72.844	2561111	545	850071	850588	57310	57828
tig00000003	ENA|OBMB01000001|OBMB01000001.1	72.093	2561111	602	850437	851013	56824	57399
tig00000003	ENA|OBMB01000001|OBMB01000001.1	72.139	2561111	603	850072	850647	57189	57765
tig00000003	ENA|OBMB01000001|OBMB01000001.1	87.500	2561111	112	964983	965092	167750	167860
tig00000003	ENA|OBMB01000001|OBMB01000001.1	87.500	2561111	112	960985	961095	171749	171858
tig00000003	ENA|OBMB01000001|OBMB01000001.1	87.273	2561111	110	1451613	1451722	473594	473703
tig00000003	ENA|OBMB01000001|OBMB01000001.1	87.273	2561111	110	1266791	1266900	658431	658540
tig00000003	ENA|OBMB01000001|OBMB01000001.1	72.613	2561111	555	850610	851134	56816	57337
tig00000003	ENA|OBMB01000001|OBMB01000001.1	72.711	2561111	557	850064	850585	57362	57886
tig00000003	ENA|OBMB01000001|OBMB01000001.1	82.734	2561111	139	1624530	1624668	831113	831251
tig00000003	ENA|OBMB01000001|OBMB01000001.1	82.734	2561111	139	1624278	1624416	831365	831503
tig00000003	ENA|OBMB01000001|OBMB01000001.1	78.155	2561111	206	1763793	1763991	653724	653523
tig00000003	ENA|OBMB01000001|OBMB01000001.1	79.121	2561111	182	1446728	1446908	970824	970647
tig00000003	ENA|OBMB01000001|OBMB01000001.1	74.644	2561111	351	850803	851134	56946	57276
tig00000003	ENA|OBMB01000001|OBMB01000001.1	74.571	2561111	350	850194	850524	57555	57886
tig00000003	ENA|OBMB01000001|OBMB01000001.1	71.381	2561111	601	850559	851134	56885	57459
tig00000003	ENA|OBMB01000001|OBMB01000001.1	71.476	2561111	603	850133	850707	57311	57886
tig00000003	ENA|OBMB01000001|OBMB01000001.1	72.222	2561111	360	487577	487933	1538233	1537877
tig00000003	ENA|OBMB01000001|OBMB01000001.1	72.222	2561111	360	2330957	2331313	2241678	2241322
tig00000003	ENA|OBMB01000001|OBMB01000001.1	74.653	2561111	288	850861	851134	56821	57094
tig00000003	ENA|OBMB01000001|OBMB01000001.1	71.324	2561111	680	850315	850954	56823	57462
tig00000003	ENA|OBMB01000001|OBMB01000001.1	71.408	2561111	682	850071	850710	57067	57706
tig00000003	ENA|OBMB01000001|OBMB01000001.1	74.653	2561111	288	850069	850342	57613	57886
tig00000003	ENA|OBMB01000001|OBMB01000001.1	100.000	2561111	54	1764939	1764992	939417	939470
tig00000003	ENA|OBMB01000001|OBMB01000001.1	100.000	2561111	54	1732568	1732621	971793	971846
tig00000003	ENA|OBMB01000001|OBMB01000001.1	88.235	2561111	85	2327789	2327871	485133	485051
tig00000003	ENA|OBMB01000001|OBMB01000001.1	98.214	2561111	56	1940586	1940641	1125484	1125539
tig00000003	ENA|OBMB01000001|OBMB01000001.1	98.214	2561111	56	1918606	1918661	1147466	1147521
tig00000003	ENA|OBMB01000001|OBMB01000001.1	89.873	2561111	79	1278253	1278329	1534784	1534708
tig00000003	ENA|OBMB01000001|OBMB01000001.1	73.868	2561111	287	850742	851017	56824	57100
tig00000003	ENA|OBMB01000001|OBMB01000001.1	74.048	2561111	289	850072	850348	57494	57769
tig00000003	ENA|OBMB01000001|OBMB01000001.1	88.462	2561111	78	1278253	1278330	273956	273879
tig00000003	ENA|OBMB01000001|OBMB01000001.1	88.462	2561111	78	1067100	1067177	485134	485057
tig00000003	ENA|OBMB01000001|OBMB01000001.1	100.000	2561111	51	666061	666111	2401676	2401726
tig00000003	ENA|OBMB01000001|OBMB01000001.1	100.000	2561111	51	647919	647969	2419818	2419868
tig00000003	ENA|OBMB01000001|OBMB01000001.1	100.000	2561111	49	710394	710442	198367	198415
tig00000003	ENA|OBMB01000001|OBMB01000001.1	87.805	2561111	82	1732544	1732623	606581	606503
tig00000003	ENA|OBMB01000001|OBMB01000001.1	87.654	2561111	81	1399689	1399767	939472	939393
tig00000003	ENA|OBMB01000001|OBMB01000001.1	100.000	2561111	49	991597	991645	2464151	2464199
tig00000003	ENA|OBMB01000001|OBMB01000001.1	96.226	2561111	53	358376	358428	2104130	2104182
tig00000003	ENA|OBMB01000001|OBMB01000001.1	96.226	2561111	53	350393	350445	2112113	2112165
tig00000003	ENA|OBMB01000001|OBMB01000001.1	83.871	2561111	93	2327786	2327874	273876	273967
tig00000003	ENA|OBMB01000001|OBMB01000001.1	92.982	2561111	57	1762504	1762560	653824	653768
tig00000003	ENA|OBMB01000001|OBMB01000001.1	86.667	2561111	75	1446952	1447026	969414	969340
tig00000003	ENA|OBMB01000001|OBMB01000001.1	83.871	2561111	93	1067097	1067188	1534705	1534793
tig00000003	ENA|OBMB01000001|OBMB01000001.1	100.000	2561111	45	81972	82016	1827994	1828038
tig00000003	ENA|OBMB01000001|OBMB01000001.1	100.000	2561111	45	74290	74334	1835676	1835720
tig00000003	ENA|OBMB01000001|OBMB01000001.1	100.000	2561111	44	487432	487475	2241220	2241177
tig00000003	ENA|OBMB01000001|OBMB01000001.1	77.019	2561111	161	850864	851014	56885	57035
tig00000003	ENA|OBMB01000001|OBMB01000001.1	77.019	2561111	161	850133	850283	57616	57766
tig00000003	ENA|OBMB01000001|OBMB01000001.1	100.000	2561111	40	1107137	1107176	313964	313925
tig00000003	ENA|OBMB01000001|OBMB01000001.1	97.436	2561111	39	785965	786003	2496328	2496290
tig00000003	ENA|OBMB01000001|OBMB01000001.1	97.436	2561111	39	783872	783910	2496328	2496290
tig00000003	ENA|OBMB01000001|OBMB01000001.1	97.436	2561111	39	742531	742569	2537669	2537631
tig00000003	ENA|OBMB01000001|OBMB01000001.1	97.436	2561111	39	742531	742569	2539762	2539724
tig00000003	ENA|OBMB01000001|OBMB01000001.1	82.432	2561111	74	2301388	2301461	124137	124064
tig00000003	ENA|OBMB01000001|OBMB01000001.1	82.432	2561111	74	917306	917379	1508376	1508303
tig00000003	ENA|OBMB01000001|OBMB01000001.1	95.122	2561111	41	285394	285434	1881928	1881888
tig00000003	ENA|OBMB01000001|OBMB01000001.1	77.778	2561111	108	128180	128286	2039163	2039057
tig00000003	ENA|OBMB01000001|OBMB01000001.1	79.348	2561111	92	850924	851014	56823	56913
tig00000003	ENA|OBMB01000001|OBMB01000001.1	80.220	2561111	91	851047	851134	56824	56911
tig00000003	ENA|OBMB01000001|OBMB01000001.1	79.348	2561111	92	850071	850161	57676	57766
tig00000003	ENA|OBMB01000001|OBMB01000001.1	80.220	2561111	91	850072	850159	57799	57886
tig00000003	ENA|OBMB01000001|OBMB01000001.1	79.348	2561111	92	850681	850769	56824	56912
tig00000003	ENA|OBMB01000001|OBMB01000001.1	100.000	2561111	32	851046	851077	56945	56976
tig00000003	ENA|OBMB01000001|OBMB01000001.1	79.348	2561111	92	850072	850160	57433	57521
tig00000003	ENA|OBMB01000001|OBMB01000001.1	74.691	2561111	162	850986	851140	57616	57771
tig00000003	ENA|OBMB01000001|OBMB01000001.1	74.847	2561111	163	850864	851019	57738	57892
tig00000003	ENA|OBMB01000001|OBMB01000001.1	100.000	2561111	32	850193	850224	57798	57829
tig00000003	ENA|OBMB01000001|OBMB01000001.1	100.000	2561111	32	1764959	1764990	606537	606506
tig00000003	ENA|OBMB01000001|OBMB01000001.1	100.000	2561111	32	1399692	1399723	971844	971813
tig00000003	ENA|OBMB01000001|OBMB01000001.1	100.000	2561111	30	850986	851015	56824	56853
tig00000003	ENA|OBMB01000001|OBMB01000001.1	78.261	2561111	92	850986	851075	57494	57583
tig00000003	ENA|OBMB01000001|OBMB01000001.1	78.261	2561111	92	850742	850831	57738	57827
tig00000003	ENA|OBMB01000001|OBMB01000001.1	100.000	2561111	30	850072	850101	57738	57767
tig00000003	ENA|OBMB01000001|OBMB01000001.1	94.444	2561111	36	850803	850838	56824	56857
tig00000003	ENA|OBMB01000001|OBMB01000001.1	100.000	2561111	29	851046	851074	57432	57460
tig00000003	ENA|OBMB01000001|OBMB01000001.1	94.444	2561111	36	850072	850105	57555	57590
tig00000003	ENA|OBMB01000001|OBMB01000001.1	100.000	2561111	29	850680	850708	57798	57826
tig00000003	ENA|OBMB01000001|OBMB01000001.1	100.000	2561111	28	851047	851074	56885	56912
tig00000003	ENA|OBMB01000001|OBMB01000001.1	100.000	2561111	28	851047	851074	57129	57156
tig00000003	ENA|OBMB01000001|OBMB01000001.1	100.000	2561111	28	850864	850891	57494	57521
tig00000003	ENA|OBMB01000001|OBMB01000001.1	100.000	2561111	28	850742	850769	57616	57643
tig00000003	ENA|OBMB01000001|OBMB01000001.1	100.000	2561111	28	850133	850160	57799	57826
tig00000003	ENA|OBMB01000001|OBMB01000001.1	100.000	2561111	28	850377	850404	57799	57826
tig00000003	ENA|OBMB01000002|OBMB01000002.1	99.792	2561111	22629	788577	811182	41174	18566
tig00000003	ENA|OBMB01000002|OBMB01000002.1	99.884	2561111	18994	812384	831372	18977	1
tig00000003	ENA|OBMB01000002|OBMB01000002.1	86.594	2561111	731	915014	915736	17064	16342
tig00000004	ENA|OBMB01000001|OBMB01000001.1	99.771	16137	16164	1	16137	1753268	1769421
tig00000004	ENA|OBMB01000001|OBMB01000001.1	82.282	16137	1236	3648	4869	1897273	1896064
